
state 0
	$accept: .File $end 
	DeclarationList: .    (2)

	.  reduce 2 (src line 173)

	File  goto 1
	DeclarationList  goto 2

state 1
	$accept:  File.$end 

	$end  accept
	.  error


state 2
	File:  DeclarationList.    (1)
	DeclarationList:  DeclarationList.TopLevelDeclaration 

	SYSTEM  shift 11
	NATIVE  shift 9
	OPTIONS  shift 12
	ENUM  shift 13
	COMPONENT  shift 10
	IMPORT  shift 14
	.  reduce 1 (src line 161)

	TopLevelDeclaration  goto 3
	ComponentDecl  goto 4
	SystemDecl  goto 5
	OptionsDecl  goto 6
	EnumDecl  goto 7
	ImportDecl  goto 8

state 3
	DeclarationList:  DeclarationList TopLevelDeclaration.    (3)

	.  reduce 3 (src line 175)


state 4
	TopLevelDeclaration:  ComponentDecl.    (4)

	.  reduce 4 (src line 178)


state 5
	TopLevelDeclaration:  SystemDecl.    (5)

	.  reduce 5 (src line 180)


state 6
	TopLevelDeclaration:  OptionsDecl.    (6)

	.  reduce 6 (src line 181)


state 7
	TopLevelDeclaration:  EnumDecl.    (7)

	.  reduce 7 (src line 182)


state 8
	TopLevelDeclaration:  ImportDecl.    (8)

	.  reduce 8 (src line 183)


state 9
	ComponentDecl:  NATIVE.COMPONENT IDENTIFIER LBRACE MethodSigDeclOptList RBRACE 

	COMPONENT  shift 15
	.  error


state 10
	ComponentDecl:  COMPONENT.IDENTIFIER LBRACE ComponentBodyItemOptList RBRACE 

	IDENTIFIER  shift 16
	.  error


state 11
	SystemDecl:  SYSTEM.IDENTIFIER LBRACE SystemBodyItemOptList RBRACE 

	IDENTIFIER  shift 17
	.  error


state 12
	OptionsDecl:  OPTIONS.LBRACE StmtList RBRACE 

	LBRACE  shift 18
	.  error


state 13
	EnumDecl:  ENUM.IDENTIFIER LBRACE IdentifierList RBRACE 

	IDENTIFIER  shift 19
	.  error


state 14
	ImportDecl:  IMPORT.STRING_LITERAL 

	STRING_LITERAL  shift 20
	.  error


state 15
	ComponentDecl:  NATIVE COMPONENT.IDENTIFIER LBRACE MethodSigDeclOptList RBRACE 

	IDENTIFIER  shift 21
	.  error


state 16
	ComponentDecl:  COMPONENT IDENTIFIER.LBRACE ComponentBodyItemOptList RBRACE 

	LBRACE  shift 22
	.  error


state 17
	SystemDecl:  SYSTEM IDENTIFIER.LBRACE SystemBodyItemOptList RBRACE 

	LBRACE  shift 23
	.  error


state 18
	OptionsDecl:  OPTIONS LBRACE.StmtList RBRACE 
	StmtOptList: .    (76)

	.  reduce 76 (src line 521)

	StmtList  goto 24
	StmtOptList  goto 25

state 19
	EnumDecl:  ENUM IDENTIFIER.LBRACE IdentifierList RBRACE 

	LBRACE  shift 26
	.  error


state 20
	ImportDecl:  IMPORT STRING_LITERAL.    (13)

	.  reduce 13 (src line 223)


state 21
	ComponentDecl:  NATIVE COMPONENT IDENTIFIER.LBRACE MethodSigDeclOptList RBRACE 

	LBRACE  shift 27
	.  error


state 22
	ComponentDecl:  COMPONENT IDENTIFIER LBRACE.ComponentBodyItemOptList RBRACE 
	ComponentBodyItemOptList: .    (22)

	USES  shift 36
	METHOD  shift 37
	NATIVE  shift 9
	COMPONENT  shift 10
	PARAM  shift 35
	.  reduce 22 (src line 276)

	ComponentDecl  goto 34
	ComponentBodyItem  goto 30
	ComponentBodyItemList  goto 29
	ComponentBodyItemOptList  goto 28
	ParamDecl  goto 31
	UsesDecl  goto 32
	MethodDecl  goto 33

state 23
	SystemDecl:  SYSTEM IDENTIFIER LBRACE.SystemBodyItemOptList RBRACE 
	SystemBodyItemOptList: .    (52)

	.  reduce 52 (src line 415)

	SystemBodyItemOptList  goto 38

state 24
	OptionsDecl:  OPTIONS LBRACE StmtList.RBRACE 

	RBRACE  shift 39
	.  error


state 25
	StmtList:  StmtOptList.    (75)
	StmtOptList:  StmtOptList.Stmt 

	error  shift 51
	LET  shift 52
	IF  shift 55
	DISTRIBUTE  shift 82
	RETURN  shift 54
	DELAY  shift 57
	WAIT  shift 56
	GO  shift 58
	LOG  shift 59
	SWITCH  shift 61
	LBRACE  shift 60
	RBRACE  reduce 75 (src line 520)
	LPAREN  shift 76
	NOT  shift 69
	MINUS  shift 70
	IDENTIFIER  shift 72
	INT_LITERAL  shift 77
	FLOAT_LITERAL  shift 78
	STRING_LITERAL  shift 79
	BOOL_LITERAL  shift 80
	DURATION_LITERAL  shift 81
	.  error

	Stmt  goto 40
	LetStmt  goto 41
	ExprStmt  goto 42
	ReturnStmt  goto 43
	LogStmt  goto 48
	SwitchStmt  goto 50
	WaitStmt  goto 45
	DelayStmt  goto 46
	BlockStmt  goto 49
	Expression  goto 53
	OrExpr  goto 62
	AndBoolExpr  goto 63
	CmpExpr  goto 64
	AddExpr  goto 65
	MulExpr  goto 66
	UnaryExpr  goto 67
	PrimaryExpr  goto 68
	LiteralExpr  goto 71
	CallExpr  goto 74
	MemberAccessExpr  goto 73
	IfStmt  goto 44
	DistributeExpr  goto 75
	GoStmt  goto 47

state 26
	EnumDecl:  ENUM IDENTIFIER LBRACE.IdentifierList RBRACE 

	IDENTIFIER  shift 84
	.  error

	IdentifierList  goto 83

state 27
	ComponentDecl:  NATIVE COMPONENT IDENTIFIER LBRACE.MethodSigDeclOptList RBRACE 
	MethodSigDeclOptList: .    (16)

	METHOD  shift 88
	.  reduce 16 (src line 249)

	MethodSigDecl  goto 87
	MethodSigDeclList  goto 86
	MethodSigDeclOptList  goto 85

state 28
	ComponentDecl:  COMPONENT IDENTIFIER LBRACE ComponentBodyItemOptList.RBRACE 

	RBRACE  shift 89
	.  error


state 29
	ComponentBodyItemOptList:  ComponentBodyItemList.    (23)
	ComponentBodyItemList:  ComponentBodyItemList.ComponentBodyItem 

	USES  shift 36
	METHOD  shift 37
	NATIVE  shift 9
	COMPONENT  shift 10
	PARAM  shift 35
	.  reduce 23 (src line 278)

	ComponentDecl  goto 34
	ComponentBodyItem  goto 90
	ParamDecl  goto 31
	UsesDecl  goto 32
	MethodDecl  goto 33

state 30
	ComponentBodyItemList:  ComponentBodyItem.    (24)

	.  reduce 24 (src line 281)


state 31
	ComponentBodyItem:  ParamDecl.    (26)

	.  reduce 26 (src line 286)


state 32
	ComponentBodyItem:  UsesDecl.    (27)

	.  reduce 27 (src line 288)


state 33
	ComponentBodyItem:  MethodDecl.    (28)

	.  reduce 28 (src line 289)


state 34
	ComponentBodyItem:  ComponentDecl.    (29)

	.  reduce 29 (src line 290)


state 35
	ParamDecl:  PARAM.IDENTIFIER TypeName 
	ParamDecl:  PARAM.IDENTIFIER TypeName ASSIGN Expression 

	IDENTIFIER  shift 91
	.  error


state 36
	UsesDecl:  USES.IDENTIFIER IDENTIFIER 

	IDENTIFIER  shift 92
	.  error


state 37
	MethodDecl:  METHOD.IDENTIFIER LPAREN MethodParamListOpt RPAREN BlockStmt 
	MethodDecl:  METHOD.IDENTIFIER LPAREN MethodParamListOpt RPAREN TypeName BlockStmt 

	IDENTIFIER  shift 93
	.  error


state 38
	SystemDecl:  SYSTEM IDENTIFIER LBRACE SystemBodyItemOptList.RBRACE 
	SystemBodyItemOptList:  SystemBodyItemOptList.SystemBodyItem 

	LET  shift 52
	USE  shift 99
	RBRACE  shift 94
	OPTIONS  shift 12
	.  error

	SystemBodyItem  goto 95
	OptionsDecl  goto 97
	LetStmt  goto 98
	InstanceDecl  goto 96

state 39
	OptionsDecl:  OPTIONS LBRACE StmtList RBRACE.    (9)

	.  reduce 9 (src line 186)


state 40
	StmtOptList:  StmtOptList Stmt.    (77)

	.  reduce 77 (src line 521)


state 41
	Stmt:  LetStmt.    (78)

	.  reduce 78 (src line 523)


state 42
	Stmt:  ExprStmt.    (79)

	.  reduce 79 (src line 525)


state 43
	Stmt:  ReturnStmt.    (80)

	.  reduce 80 (src line 526)


state 44
	Stmt:  IfStmt.    (81)

	.  reduce 81 (src line 527)


state 45
	Stmt:  WaitStmt.    (82)

	.  reduce 82 (src line 528)


state 46
	Stmt:  DelayStmt.    (83)

	.  reduce 83 (src line 529)


state 47
	Stmt:  GoStmt.    (84)

	.  reduce 84 (src line 530)


state 48
	Stmt:  LogStmt.    (85)

	.  reduce 85 (src line 531)


state 49
	Stmt:  BlockStmt.    (86)

	.  reduce 86 (src line 532)


state 50
	Stmt:  SwitchStmt.    (87)

	.  reduce 87 (src line 534)


state 51
	Stmt:  error.SEMICOLON 

	SEMICOLON  shift 100
	.  error


state 52
	LetStmt:  LET.IDENTIFIER ASSIGN Expression 

	IDENTIFIER  shift 101
	.  error


state 53
	ExprStmt:  Expression.SEMICOLON 

	SEMICOLON  shift 102
	.  error


state 54
	ReturnStmt:  RETURN.Expression 
	ReturnStmt:  RETURN.SEMICOLON 

	DISTRIBUTE  shift 82
	LPAREN  shift 76
	SEMICOLON  shift 104
	NOT  shift 69
	MINUS  shift 70
	IDENTIFIER  shift 72
	INT_LITERAL  shift 77
	FLOAT_LITERAL  shift 78
	STRING_LITERAL  shift 79
	BOOL_LITERAL  shift 80
	DURATION_LITERAL  shift 81
	.  error

	Expression  goto 103
	OrExpr  goto 62
	AndBoolExpr  goto 63
	CmpExpr  goto 64
	AddExpr  goto 65
	MulExpr  goto 66
	UnaryExpr  goto 67
	PrimaryExpr  goto 68
	LiteralExpr  goto 71
	CallExpr  goto 74
	MemberAccessExpr  goto 73
	DistributeExpr  goto 75

state 55
	IfStmt:  IF.Expression BlockStmt IfStmtElseOpt 

	DISTRIBUTE  shift 82
	LPAREN  shift 76
	NOT  shift 69
	MINUS  shift 70
	IDENTIFIER  shift 72
	INT_LITERAL  shift 77
	FLOAT_LITERAL  shift 78
	STRING_LITERAL  shift 79
	BOOL_LITERAL  shift 80
	DURATION_LITERAL  shift 81
	.  error

	Expression  goto 105
	OrExpr  goto 62
	AndBoolExpr  goto 63
	CmpExpr  goto 64
	AddExpr  goto 65
	MulExpr  goto 66
	UnaryExpr  goto 67
	PrimaryExpr  goto 68
	LiteralExpr  goto 71
	CallExpr  goto 74
	MemberAccessExpr  goto 73
	DistributeExpr  goto 75

state 56
	WaitStmt:  WAIT.IdentifierList 

	IDENTIFIER  shift 84
	.  error

	IdentifierList  goto 106

state 57
	DelayStmt:  DELAY.Expression 

	DISTRIBUTE  shift 82
	LPAREN  shift 76
	NOT  shift 69
	MINUS  shift 70
	IDENTIFIER  shift 72
	INT_LITERAL  shift 77
	FLOAT_LITERAL  shift 78
	STRING_LITERAL  shift 79
	BOOL_LITERAL  shift 80
	DURATION_LITERAL  shift 81
	.  error

	Expression  goto 107
	OrExpr  goto 62
	AndBoolExpr  goto 63
	CmpExpr  goto 64
	AddExpr  goto 65
	MulExpr  goto 66
	UnaryExpr  goto 67
	PrimaryExpr  goto 68
	LiteralExpr  goto 71
	CallExpr  goto 74
	MemberAccessExpr  goto 73
	DistributeExpr  goto 75

state 58
	GoStmt:  GO.IDENTIFIER ASSIGN BlockStmt 
	GoStmt:  GO.BlockStmt 
	GoStmt:  GO.IDENTIFIER ASSIGN Expression SEMICOLON 

	LBRACE  shift 60
	IDENTIFIER  shift 108
	.  error

	BlockStmt  goto 109

state 59
	LogStmt:  LOG.Expression CommaExpressionListOpt 

	DISTRIBUTE  shift 82
	LPAREN  shift 76
	NOT  shift 69
	MINUS  shift 70
	IDENTIFIER  shift 72
	INT_LITERAL  shift 77
	FLOAT_LITERAL  shift 78
	STRING_LITERAL  shift 79
	BOOL_LITERAL  shift 80
	DURATION_LITERAL  shift 81
	.  error

	Expression  goto 110
	OrExpr  goto 62
	AndBoolExpr  goto 63
	CmpExpr  goto 64
	AddExpr  goto 65
	MulExpr  goto 66
	UnaryExpr  goto 67
	PrimaryExpr  goto 68
	LiteralExpr  goto 71
	CallExpr  goto 74
	MemberAccessExpr  goto 73
	DistributeExpr  goto 75

state 60
	BlockStmt:  LBRACE.StmtList RBRACE 
	StmtOptList: .    (76)

	.  reduce 76 (src line 521)

	StmtList  goto 111
	StmtOptList  goto 25

state 61
	SwitchStmt:  SWITCH.Expression LBRACE RBRACE 

	DISTRIBUTE  shift 82
	LPAREN  shift 76
	NOT  shift 69
	MINUS  shift 70
	IDENTIFIER  shift 72
	INT_LITERAL  shift 77
	FLOAT_LITERAL  shift 78
	STRING_LITERAL  shift 79
	BOOL_LITERAL  shift 80
	DURATION_LITERAL  shift 81
	.  error

	Expression  goto 112
	OrExpr  goto 62
	AndBoolExpr  goto 63
	CmpExpr  goto 64
	AddExpr  goto 65
	MulExpr  goto 66
	UnaryExpr  goto 67
	PrimaryExpr  goto 68
	LiteralExpr  goto 71
	CallExpr  goto 74
	MemberAccessExpr  goto 73
	DistributeExpr  goto 75

state 62
	Expression:  OrExpr.    (119)
	OrExpr:  OrExpr.OR AndBoolExpr 

	OR  shift 113
	.  reduce 119 (src line 687)


state 63
	OrExpr:  AndBoolExpr.    (120)
	AndBoolExpr:  AndBoolExpr.AND CmpExpr 

	AND  shift 114
	.  reduce 120 (src line 688)


state 64
	AndBoolExpr:  CmpExpr.    (122)

	.  reduce 122 (src line 692)


65: shift/reduce conflict (shift 122(4), red'n 124(0)) on MINUS
state 65
	CmpExpr:  AddExpr.    (124)
	CmpExpr:  AddExpr.EQ AddExpr 
	CmpExpr:  AddExpr.NEQ AddExpr 
	CmpExpr:  AddExpr.LT AddExpr 
	CmpExpr:  AddExpr.LTE AddExpr 
	CmpExpr:  AddExpr.GT AddExpr 
	CmpExpr:  AddExpr.GTE AddExpr 
	AddExpr:  AddExpr.PLUS MulExpr 
	AddExpr:  AddExpr.MINUS MulExpr 

	MINUS  shift 122
	EQ  shift 115
	NEQ  shift 116
	LT  shift 117
	LTE  shift 118
	GT  shift 119
	GTE  shift 120
	PLUS  shift 121
	.  reduce 124 (src line 697)


state 66
	AddExpr:  MulExpr.    (131)
	MulExpr:  MulExpr.MUL UnaryExpr 
	MulExpr:  MulExpr.DIV UnaryExpr 
	MulExpr:  MulExpr.MOD UnaryExpr 

	MUL  shift 123
	DIV  shift 124
	MOD  shift 125
	.  reduce 131 (src line 706)


state 67
	MulExpr:  UnaryExpr.    (134)

	.  reduce 134 (src line 712)


68: shift/reduce conflict (shift 127(0), red'n 138(0)) on LPAREN
state 68
	UnaryExpr:  PrimaryExpr.    (138)
	MemberAccessExpr:  PrimaryExpr.DOT IDENTIFIER 
	CallExpr:  PrimaryExpr.LPAREN RPAREN 
	CallExpr:  PrimaryExpr.LPAREN ArgList RPAREN 

	LPAREN  shift 127
	DOT  shift 126
	.  reduce 138 (src line 718)


state 69
	UnaryExpr:  NOT.UnaryExpr 

	DISTRIBUTE  shift 82
	LPAREN  shift 76
	NOT  shift 69
	MINUS  shift 70
	IDENTIFIER  shift 72
	INT_LITERAL  shift 77
	FLOAT_LITERAL  shift 78
	STRING_LITERAL  shift 79
	BOOL_LITERAL  shift 80
	DURATION_LITERAL  shift 81
	.  error

	UnaryExpr  goto 128
	PrimaryExpr  goto 68
	LiteralExpr  goto 71
	CallExpr  goto 74
	MemberAccessExpr  goto 73
	DistributeExpr  goto 75

state 70
	UnaryExpr:  MINUS.UnaryExpr 

	DISTRIBUTE  shift 82
	LPAREN  shift 76
	NOT  shift 69
	MINUS  shift 70
	IDENTIFIER  shift 72
	INT_LITERAL  shift 77
	FLOAT_LITERAL  shift 78
	STRING_LITERAL  shift 79
	BOOL_LITERAL  shift 80
	DURATION_LITERAL  shift 81
	.  error

	UnaryExpr  goto 129
	PrimaryExpr  goto 68
	LiteralExpr  goto 71
	CallExpr  goto 74
	MemberAccessExpr  goto 73
	DistributeExpr  goto 75

state 71
	PrimaryExpr:  LiteralExpr.    (141)

	.  reduce 141 (src line 724)


state 72
	PrimaryExpr:  IDENTIFIER.    (142)

	.  reduce 142 (src line 726)


state 73
	PrimaryExpr:  MemberAccessExpr.    (143)

	.  reduce 143 (src line 727)


state 74
	PrimaryExpr:  CallExpr.    (144)

	.  reduce 144 (src line 728)


state 75
	PrimaryExpr:  DistributeExpr.    (145)

	.  reduce 145 (src line 729)


state 76
	PrimaryExpr:  LPAREN.Expression RPAREN 

	DISTRIBUTE  shift 82
	LPAREN  shift 76
	NOT  shift 69
	MINUS  shift 70
	IDENTIFIER  shift 72
	INT_LITERAL  shift 77
	FLOAT_LITERAL  shift 78
	STRING_LITERAL  shift 79
	BOOL_LITERAL  shift 80
	DURATION_LITERAL  shift 81
	.  error

	Expression  goto 130
	OrExpr  goto 62
	AndBoolExpr  goto 63
	CmpExpr  goto 64
	AddExpr  goto 65
	MulExpr  goto 66
	UnaryExpr  goto 67
	PrimaryExpr  goto 68
	LiteralExpr  goto 71
	CallExpr  goto 74
	MemberAccessExpr  goto 73
	DistributeExpr  goto 75

state 77
	LiteralExpr:  INT_LITERAL.    (147)

	.  reduce 147 (src line 734)


state 78
	LiteralExpr:  FLOAT_LITERAL.    (148)

	.  reduce 148 (src line 739)


state 79
	LiteralExpr:  STRING_LITERAL.    (149)

	.  reduce 149 (src line 740)


state 80
	LiteralExpr:  BOOL_LITERAL.    (150)

	.  reduce 150 (src line 741)


state 81
	LiteralExpr:  DURATION_LITERAL.    (151)

	.  reduce 151 (src line 742)


state 82
	DistributeExpr:  DISTRIBUTE.TotalClauseOpt LBRACE DistributeExprCaseListOpt DefaultCaseExprOpt RBRACE 
	TotalClauseOpt: .    (107)

	LPAREN  shift 132
	.  reduce 107 (src line 650)

	TotalClauseOpt  goto 131

state 83
	EnumDecl:  ENUM IDENTIFIER LBRACE IdentifierList.RBRACE 
	IdentifierList:  IdentifierList.COMMA IDENTIFIER 

	RBRACE  shift 133
	COMMA  shift 134
	.  error


state 84
	IdentifierList:  IDENTIFIER.    (11)

	.  reduce 11 (src line 218)


state 85
	ComponentDecl:  NATIVE COMPONENT IDENTIFIER LBRACE MethodSigDeclOptList.RBRACE 

	RBRACE  shift 135
	.  error


state 86
	MethodSigDeclOptList:  MethodSigDeclList.    (17)
	MethodSigDeclList:  MethodSigDeclList.MethodSigDecl 

	METHOD  shift 88
	.  reduce 17 (src line 251)

	MethodSigDecl  goto 136

state 87
	MethodSigDeclList:  MethodSigDecl.    (18)

	.  reduce 18 (src line 254)


state 88
	MethodSigDecl:  METHOD.IDENTIFIER LPAREN MethodParamListOpt RPAREN 
	MethodSigDecl:  METHOD.IDENTIFIER LPAREN MethodParamListOpt RPAREN TypeName 

	IDENTIFIER  shift 137
	.  error


state 89
	ComponentDecl:  COMPONENT IDENTIFIER LBRACE ComponentBodyItemOptList RBRACE.    (15)

	.  reduce 15 (src line 240)


state 90
	ComponentBodyItemList:  ComponentBodyItemList ComponentBodyItem.    (25)

	.  reduce 25 (src line 283)


state 91
	ParamDecl:  PARAM IDENTIFIER.TypeName 
	ParamDecl:  PARAM IDENTIFIER.TypeName ASSIGN Expression 

	INT  shift 141
	FLOAT  shift 142
	BOOL  shift 144
	STRING  shift 143
	DURATION  shift 145
	IDENTIFIER  shift 140
	.  error

	TypeName  goto 138
	PrimitiveType  goto 139

state 92
	UsesDecl:  USES IDENTIFIER.IDENTIFIER 

	IDENTIFIER  shift 146
	.  error


state 93
	MethodDecl:  METHOD IDENTIFIER.LPAREN MethodParamListOpt RPAREN BlockStmt 
	MethodDecl:  METHOD IDENTIFIER.LPAREN MethodParamListOpt RPAREN TypeName BlockStmt 

	LPAREN  shift 147
	.  error


state 94
	SystemDecl:  SYSTEM IDENTIFIER LBRACE SystemBodyItemOptList RBRACE.    (48)

	.  reduce 48 (src line 397)


state 95
	SystemBodyItemOptList:  SystemBodyItemOptList SystemBodyItem.    (53)

	.  reduce 53 (src line 417)


state 96
	SystemBodyItem:  InstanceDecl.    (49)

	.  reduce 49 (src line 408)


state 97
	SystemBodyItem:  OptionsDecl.    (50)

	.  reduce 50 (src line 411)


state 98
	SystemBodyItem:  LetStmt.    (51)

	.  reduce 51 (src line 412)


state 99
	InstanceDecl:  USE.IDENTIFIER IDENTIFIER 
	InstanceDecl:  USE.IDENTIFIER IDENTIFIER ASSIGN LBRACE AssignListOpt RBRACE 

	IDENTIFIER  shift 148
	.  error


state 100
	Stmt:  error SEMICOLON.    (88)

	.  reduce 88 (src line 536)


state 101
	LetStmt:  LET IDENTIFIER.ASSIGN Expression 

	ASSIGN  shift 149
	.  error


state 102
	ExprStmt:  Expression SEMICOLON.    (92)

	.  reduce 92 (src line 569)


state 103
	ReturnStmt:  RETURN Expression.    (93)

	.  reduce 93 (src line 573)


state 104
	ReturnStmt:  RETURN SEMICOLON.    (94)

	.  reduce 94 (src line 575)


state 105
	IfStmt:  IF Expression.BlockStmt IfStmtElseOpt 

	LBRACE  shift 60
	.  error

	BlockStmt  goto 150

state 106
	IdentifierList:  IdentifierList.COMMA IDENTIFIER 
	WaitStmt:  WAIT IdentifierList.    (96)

	COMMA  shift 134
	.  reduce 96 (src line 582)


state 107
	DelayStmt:  DELAY Expression.    (95)

	.  reduce 95 (src line 578)


state 108
	GoStmt:  GO IDENTIFIER.ASSIGN BlockStmt 
	GoStmt:  GO IDENTIFIER.ASSIGN Expression SEMICOLON 

	ASSIGN  shift 151
	.  error


state 109
	GoStmt:  GO BlockStmt.    (116)

	.  reduce 116 (src line 674)


state 110
	LogStmt:  LOG Expression.CommaExpressionListOpt 
	CommaExpressionListOpt: .    (100)

	COMMA  shift 153
	.  reduce 100 (src line 615)

	CommaExpressionListOpt  goto 152

state 111
	BlockStmt:  LBRACE StmtList.RBRACE 

	RBRACE  shift 154
	.  error


state 112
	SwitchStmt:  SWITCH Expression.LBRACE RBRACE 

	LBRACE  shift 155
	.  error


state 113
	OrExpr:  OrExpr OR.AndBoolExpr 

	DISTRIBUTE  shift 82
	LPAREN  shift 76
	NOT  shift 69
	MINUS  shift 70
	IDENTIFIER  shift 72
	INT_LITERAL  shift 77
	FLOAT_LITERAL  shift 78
	STRING_LITERAL  shift 79
	BOOL_LITERAL  shift 80
	DURATION_LITERAL  shift 81
	.  error

	AndBoolExpr  goto 156
	CmpExpr  goto 64
	AddExpr  goto 65
	MulExpr  goto 66
	UnaryExpr  goto 67
	PrimaryExpr  goto 68
	LiteralExpr  goto 71
	CallExpr  goto 74
	MemberAccessExpr  goto 73
	DistributeExpr  goto 75

state 114
	AndBoolExpr:  AndBoolExpr AND.CmpExpr 

	DISTRIBUTE  shift 82
	LPAREN  shift 76
	NOT  shift 69
	MINUS  shift 70
	IDENTIFIER  shift 72
	INT_LITERAL  shift 77
	FLOAT_LITERAL  shift 78
	STRING_LITERAL  shift 79
	BOOL_LITERAL  shift 80
	DURATION_LITERAL  shift 81
	.  error

	CmpExpr  goto 157
	AddExpr  goto 65
	MulExpr  goto 66
	UnaryExpr  goto 67
	PrimaryExpr  goto 68
	LiteralExpr  goto 71
	CallExpr  goto 74
	MemberAccessExpr  goto 73
	DistributeExpr  goto 75

state 115
	CmpExpr:  AddExpr EQ.AddExpr 

	DISTRIBUTE  shift 82
	LPAREN  shift 76
	NOT  shift 69
	MINUS  shift 70
	IDENTIFIER  shift 72
	INT_LITERAL  shift 77
	FLOAT_LITERAL  shift 78
	STRING_LITERAL  shift 79
	BOOL_LITERAL  shift 80
	DURATION_LITERAL  shift 81
	.  error

	AddExpr  goto 158
	MulExpr  goto 66
	UnaryExpr  goto 67
	PrimaryExpr  goto 68
	LiteralExpr  goto 71
	CallExpr  goto 74
	MemberAccessExpr  goto 73
	DistributeExpr  goto 75

state 116
	CmpExpr:  AddExpr NEQ.AddExpr 

	DISTRIBUTE  shift 82
	LPAREN  shift 76
	NOT  shift 69
	MINUS  shift 70
	IDENTIFIER  shift 72
	INT_LITERAL  shift 77
	FLOAT_LITERAL  shift 78
	STRING_LITERAL  shift 79
	BOOL_LITERAL  shift 80
	DURATION_LITERAL  shift 81
	.  error

	AddExpr  goto 159
	MulExpr  goto 66
	UnaryExpr  goto 67
	PrimaryExpr  goto 68
	LiteralExpr  goto 71
	CallExpr  goto 74
	MemberAccessExpr  goto 73
	DistributeExpr  goto 75

state 117
	CmpExpr:  AddExpr LT.AddExpr 

	DISTRIBUTE  shift 82
	LPAREN  shift 76
	NOT  shift 69
	MINUS  shift 70
	IDENTIFIER  shift 72
	INT_LITERAL  shift 77
	FLOAT_LITERAL  shift 78
	STRING_LITERAL  shift 79
	BOOL_LITERAL  shift 80
	DURATION_LITERAL  shift 81
	.  error

	AddExpr  goto 160
	MulExpr  goto 66
	UnaryExpr  goto 67
	PrimaryExpr  goto 68
	LiteralExpr  goto 71
	CallExpr  goto 74
	MemberAccessExpr  goto 73
	DistributeExpr  goto 75

state 118
	CmpExpr:  AddExpr LTE.AddExpr 

	DISTRIBUTE  shift 82
	LPAREN  shift 76
	NOT  shift 69
	MINUS  shift 70
	IDENTIFIER  shift 72
	INT_LITERAL  shift 77
	FLOAT_LITERAL  shift 78
	STRING_LITERAL  shift 79
	BOOL_LITERAL  shift 80
	DURATION_LITERAL  shift 81
	.  error

	AddExpr  goto 161
	MulExpr  goto 66
	UnaryExpr  goto 67
	PrimaryExpr  goto 68
	LiteralExpr  goto 71
	CallExpr  goto 74
	MemberAccessExpr  goto 73
	DistributeExpr  goto 75

state 119
	CmpExpr:  AddExpr GT.AddExpr 

	DISTRIBUTE  shift 82
	LPAREN  shift 76
	NOT  shift 69
	MINUS  shift 70
	IDENTIFIER  shift 72
	INT_LITERAL  shift 77
	FLOAT_LITERAL  shift 78
	STRING_LITERAL  shift 79
	BOOL_LITERAL  shift 80
	DURATION_LITERAL  shift 81
	.  error

	AddExpr  goto 162
	MulExpr  goto 66
	UnaryExpr  goto 67
	PrimaryExpr  goto 68
	LiteralExpr  goto 71
	CallExpr  goto 74
	MemberAccessExpr  goto 73
	DistributeExpr  goto 75

state 120
	CmpExpr:  AddExpr GTE.AddExpr 

	DISTRIBUTE  shift 82
	LPAREN  shift 76
	NOT  shift 69
	MINUS  shift 70
	IDENTIFIER  shift 72
	INT_LITERAL  shift 77
	FLOAT_LITERAL  shift 78
	STRING_LITERAL  shift 79
	BOOL_LITERAL  shift 80
	DURATION_LITERAL  shift 81
	.  error

	AddExpr  goto 163
	MulExpr  goto 66
	UnaryExpr  goto 67
	PrimaryExpr  goto 68
	LiteralExpr  goto 71
	CallExpr  goto 74
	MemberAccessExpr  goto 73
	DistributeExpr  goto 75

state 121
	AddExpr:  AddExpr PLUS.MulExpr 

	DISTRIBUTE  shift 82
	LPAREN  shift 76
	NOT  shift 69
	MINUS  shift 70
	IDENTIFIER  shift 72
	INT_LITERAL  shift 77
	FLOAT_LITERAL  shift 78
	STRING_LITERAL  shift 79
	BOOL_LITERAL  shift 80
	DURATION_LITERAL  shift 81
	.  error

	MulExpr  goto 164
	UnaryExpr  goto 67
	PrimaryExpr  goto 68
	LiteralExpr  goto 71
	CallExpr  goto 74
	MemberAccessExpr  goto 73
	DistributeExpr  goto 75

state 122
	AddExpr:  AddExpr MINUS.MulExpr 

	DISTRIBUTE  shift 82
	LPAREN  shift 76
	NOT  shift 69
	MINUS  shift 70
	IDENTIFIER  shift 72
	INT_LITERAL  shift 77
	FLOAT_LITERAL  shift 78
	STRING_LITERAL  shift 79
	BOOL_LITERAL  shift 80
	DURATION_LITERAL  shift 81
	.  error

	MulExpr  goto 165
	UnaryExpr  goto 67
	PrimaryExpr  goto 68
	LiteralExpr  goto 71
	CallExpr  goto 74
	MemberAccessExpr  goto 73
	DistributeExpr  goto 75

state 123
	MulExpr:  MulExpr MUL.UnaryExpr 

	DISTRIBUTE  shift 82
	LPAREN  shift 76
	NOT  shift 69
	MINUS  shift 70
	IDENTIFIER  shift 72
	INT_LITERAL  shift 77
	FLOAT_LITERAL  shift 78
	STRING_LITERAL  shift 79
	BOOL_LITERAL  shift 80
	DURATION_LITERAL  shift 81
	.  error

	UnaryExpr  goto 166
	PrimaryExpr  goto 68
	LiteralExpr  goto 71
	CallExpr  goto 74
	MemberAccessExpr  goto 73
	DistributeExpr  goto 75

state 124
	MulExpr:  MulExpr DIV.UnaryExpr 

	DISTRIBUTE  shift 82
	LPAREN  shift 76
	NOT  shift 69
	MINUS  shift 70
	IDENTIFIER  shift 72
	INT_LITERAL  shift 77
	FLOAT_LITERAL  shift 78
	STRING_LITERAL  shift 79
	BOOL_LITERAL  shift 80
	DURATION_LITERAL  shift 81
	.  error

	UnaryExpr  goto 167
	PrimaryExpr  goto 68
	LiteralExpr  goto 71
	CallExpr  goto 74
	MemberAccessExpr  goto 73
	DistributeExpr  goto 75

state 125
	MulExpr:  MulExpr MOD.UnaryExpr 

	DISTRIBUTE  shift 82
	LPAREN  shift 76
	NOT  shift 69
	MINUS  shift 70
	IDENTIFIER  shift 72
	INT_LITERAL  shift 77
	FLOAT_LITERAL  shift 78
	STRING_LITERAL  shift 79
	BOOL_LITERAL  shift 80
	DURATION_LITERAL  shift 81
	.  error

	UnaryExpr  goto 168
	PrimaryExpr  goto 68
	LiteralExpr  goto 71
	CallExpr  goto 74
	MemberAccessExpr  goto 73
	DistributeExpr  goto 75

state 126
	MemberAccessExpr:  PrimaryExpr DOT.IDENTIFIER 

	IDENTIFIER  shift 169
	.  error


state 127
	CallExpr:  PrimaryExpr LPAREN.RPAREN 
	CallExpr:  PrimaryExpr LPAREN.ArgList RPAREN 

	DISTRIBUTE  shift 82
	LPAREN  shift 76
	RPAREN  shift 170
	NOT  shift 69
	MINUS  shift 70
	IDENTIFIER  shift 72
	INT_LITERAL  shift 77
	FLOAT_LITERAL  shift 78
	STRING_LITERAL  shift 79
	BOOL_LITERAL  shift 80
	DURATION_LITERAL  shift 81
	.  error

	Expression  goto 172
	OrExpr  goto 62
	AndBoolExpr  goto 63
	CmpExpr  goto 64
	AddExpr  goto 65
	MulExpr  goto 66
	UnaryExpr  goto 67
	PrimaryExpr  goto 68
	LiteralExpr  goto 71
	CallExpr  goto 74
	MemberAccessExpr  goto 73
	ArgList  goto 171
	DistributeExpr  goto 75

state 128
	UnaryExpr:  NOT UnaryExpr.    (139)

	.  reduce 139 (src line 720)


state 129
	UnaryExpr:  MINUS UnaryExpr.    (140)

	.  reduce 140 (src line 721)


state 130
	PrimaryExpr:  LPAREN Expression.RPAREN 

	RPAREN  shift 173
	.  error


state 131
	DistributeExpr:  DISTRIBUTE TotalClauseOpt.LBRACE DistributeExprCaseListOpt DefaultCaseExprOpt RBRACE 

	LBRACE  shift 174
	.  error


state 132
	TotalClauseOpt:  LPAREN.Expression RPAREN 

	DISTRIBUTE  shift 82
	LPAREN  shift 76
	NOT  shift 69
	MINUS  shift 70
	IDENTIFIER  shift 72
	INT_LITERAL  shift 77
	FLOAT_LITERAL  shift 78
	STRING_LITERAL  shift 79
	BOOL_LITERAL  shift 80
	DURATION_LITERAL  shift 81
	.  error

	Expression  goto 175
	OrExpr  goto 62
	AndBoolExpr  goto 63
	CmpExpr  goto 64
	AddExpr  goto 65
	MulExpr  goto 66
	UnaryExpr  goto 67
	PrimaryExpr  goto 68
	LiteralExpr  goto 71
	CallExpr  goto 74
	MemberAccessExpr  goto 73
	DistributeExpr  goto 75

state 133
	EnumDecl:  ENUM IDENTIFIER LBRACE IdentifierList RBRACE.    (10)

	.  reduce 10 (src line 208)


state 134
	IdentifierList:  IdentifierList COMMA.IDENTIFIER 

	IDENTIFIER  shift 176
	.  error


state 135
	ComponentDecl:  NATIVE COMPONENT IDENTIFIER LBRACE MethodSigDeclOptList RBRACE.    (14)

	.  reduce 14 (src line 232)


state 136
	MethodSigDeclList:  MethodSigDeclList MethodSigDecl.    (19)

	.  reduce 19 (src line 256)


state 137
	MethodSigDecl:  METHOD IDENTIFIER.LPAREN MethodParamListOpt RPAREN 
	MethodSigDecl:  METHOD IDENTIFIER.LPAREN MethodParamListOpt RPAREN TypeName 

	LPAREN  shift 177
	.  error


state 138
	ParamDecl:  PARAM IDENTIFIER TypeName.    (30)
	ParamDecl:  PARAM IDENTIFIER TypeName.ASSIGN Expression 

	ASSIGN  shift 178
	.  reduce 30 (src line 293)


state 139
	TypeName:  PrimitiveType.    (32)

	.  reduce 32 (src line 311)


state 140
	TypeName:  IDENTIFIER.    (33)

	.  reduce 33 (src line 313)


state 141
	PrimitiveType:  INT.    (34)

	.  reduce 34 (src line 324)


state 142
	PrimitiveType:  FLOAT.    (35)

	.  reduce 35 (src line 326)


state 143
	PrimitiveType:  STRING.    (36)

	.  reduce 36 (src line 327)


state 144
	PrimitiveType:  BOOL.    (37)

	.  reduce 37 (src line 328)


state 145
	PrimitiveType:  DURATION.    (38)

	.  reduce 38 (src line 329)


state 146
	UsesDecl:  USES IDENTIFIER IDENTIFIER.    (39)

	.  reduce 39 (src line 336)


state 147
	MethodDecl:  METHOD IDENTIFIER LPAREN.MethodParamListOpt RPAREN BlockStmt 
	MethodDecl:  METHOD IDENTIFIER LPAREN.MethodParamListOpt RPAREN TypeName BlockStmt 
	MethodParamListOpt: .    (42)

	IDENTIFIER  shift 182
	.  reduce 42 (src line 368)

	MethodParamDecl  goto 181
	MethodParamList  goto 180
	MethodParamListOpt  goto 179

state 148
	InstanceDecl:  USE IDENTIFIER.IDENTIFIER 
	InstanceDecl:  USE IDENTIFIER.IDENTIFIER ASSIGN LBRACE AssignListOpt RBRACE 

	IDENTIFIER  shift 183
	.  error


state 149
	LetStmt:  LET IDENTIFIER ASSIGN.Expression 

	DISTRIBUTE  shift 82
	LPAREN  shift 76
	NOT  shift 69
	MINUS  shift 70
	IDENTIFIER  shift 72
	INT_LITERAL  shift 77
	FLOAT_LITERAL  shift 78
	STRING_LITERAL  shift 79
	BOOL_LITERAL  shift 80
	DURATION_LITERAL  shift 81
	.  error

	Expression  goto 184
	OrExpr  goto 62
	AndBoolExpr  goto 63
	CmpExpr  goto 64
	AddExpr  goto 65
	MulExpr  goto 66
	UnaryExpr  goto 67
	PrimaryExpr  goto 68
	LiteralExpr  goto 71
	CallExpr  goto 74
	MemberAccessExpr  goto 73
	DistributeExpr  goto 75

state 150
	IfStmt:  IF Expression BlockStmt.IfStmtElseOpt 
	IfStmtElseOpt: .    (103)

	ELSE  shift 186
	.  reduce 103 (src line 638)

	IfStmtElseOpt  goto 185

state 151
	GoStmt:  GO IDENTIFIER ASSIGN.BlockStmt 
	GoStmt:  GO IDENTIFIER ASSIGN.Expression SEMICOLON 

	DISTRIBUTE  shift 82
	LBRACE  shift 60
	LPAREN  shift 76
	NOT  shift 69
	MINUS  shift 70
	IDENTIFIER  shift 72
	INT_LITERAL  shift 77
	FLOAT_LITERAL  shift 78
	STRING_LITERAL  shift 79
	BOOL_LITERAL  shift 80
	DURATION_LITERAL  shift 81
	.  error

	BlockStmt  goto 187
	Expression  goto 188
	OrExpr  goto 62
	AndBoolExpr  goto 63
	CmpExpr  goto 64
	AddExpr  goto 65
	MulExpr  goto 66
	UnaryExpr  goto 67
	PrimaryExpr  goto 68
	LiteralExpr  goto 71
	CallExpr  goto 74
	MemberAccessExpr  goto 73
	DistributeExpr  goto 75

state 152
	LogStmt:  LOG Expression CommaExpressionListOpt.    (99)

	.  reduce 99 (src line 598)


state 153
	CommaExpressionListOpt:  COMMA.Expression CommaExpressionListOpt 

	DISTRIBUTE  shift 82
	LPAREN  shift 76
	NOT  shift 69
	MINUS  shift 70
	IDENTIFIER  shift 72
	INT_LITERAL  shift 77
	FLOAT_LITERAL  shift 78
	STRING_LITERAL  shift 79
	BOOL_LITERAL  shift 80
	DURATION_LITERAL  shift 81
	.  error

	Expression  goto 189
	OrExpr  goto 62
	AndBoolExpr  goto 63
	CmpExpr  goto 64
	AddExpr  goto 65
	MulExpr  goto 66
	UnaryExpr  goto 67
	PrimaryExpr  goto 68
	LiteralExpr  goto 71
	CallExpr  goto 74
	MemberAccessExpr  goto 73
	DistributeExpr  goto 75

state 154
	BlockStmt:  LBRACE StmtList RBRACE.    (89)

	.  reduce 89 (src line 540)


state 155
	SwitchStmt:  SWITCH Expression LBRACE.RBRACE 

	RBRACE  shift 190
	.  error


state 156
	OrExpr:  OrExpr OR AndBoolExpr.    (121)
	AndBoolExpr:  AndBoolExpr.AND CmpExpr 

	AND  shift 114
	.  reduce 121 (src line 689)


state 157
	AndBoolExpr:  AndBoolExpr AND CmpExpr.    (123)

	.  reduce 123 (src line 694)


state 158
	CmpExpr:  AddExpr EQ AddExpr.    (125)
	AddExpr:  AddExpr.PLUS MulExpr 
	AddExpr:  AddExpr.MINUS MulExpr 

	MINUS  shift 122
	PLUS  shift 121
	.  reduce 125 (src line 698)


state 159
	CmpExpr:  AddExpr NEQ AddExpr.    (126)
	AddExpr:  AddExpr.PLUS MulExpr 
	AddExpr:  AddExpr.MINUS MulExpr 

	MINUS  shift 122
	PLUS  shift 121
	.  reduce 126 (src line 699)


state 160
	CmpExpr:  AddExpr LT AddExpr.    (127)
	AddExpr:  AddExpr.PLUS MulExpr 
	AddExpr:  AddExpr.MINUS MulExpr 

	MINUS  shift 122
	PLUS  shift 121
	.  reduce 127 (src line 700)


state 161
	CmpExpr:  AddExpr LTE AddExpr.    (128)
	AddExpr:  AddExpr.PLUS MulExpr 
	AddExpr:  AddExpr.MINUS MulExpr 

	MINUS  shift 122
	PLUS  shift 121
	.  reduce 128 (src line 701)


state 162
	CmpExpr:  AddExpr GT AddExpr.    (129)
	AddExpr:  AddExpr.PLUS MulExpr 
	AddExpr:  AddExpr.MINUS MulExpr 

	MINUS  shift 122
	PLUS  shift 121
	.  reduce 129 (src line 702)


state 163
	CmpExpr:  AddExpr GTE AddExpr.    (130)
	AddExpr:  AddExpr.PLUS MulExpr 
	AddExpr:  AddExpr.MINUS MulExpr 

	MINUS  shift 122
	PLUS  shift 121
	.  reduce 130 (src line 703)


state 164
	AddExpr:  AddExpr PLUS MulExpr.    (132)
	MulExpr:  MulExpr.MUL UnaryExpr 
	MulExpr:  MulExpr.DIV UnaryExpr 
	MulExpr:  MulExpr.MOD UnaryExpr 

	MUL  shift 123
	DIV  shift 124
	MOD  shift 125
	.  reduce 132 (src line 708)


state 165
	AddExpr:  AddExpr MINUS MulExpr.    (133)
	MulExpr:  MulExpr.MUL UnaryExpr 
	MulExpr:  MulExpr.DIV UnaryExpr 
	MulExpr:  MulExpr.MOD UnaryExpr 

	MUL  shift 123
	DIV  shift 124
	MOD  shift 125
	.  reduce 133 (src line 709)


state 166
	MulExpr:  MulExpr MUL UnaryExpr.    (135)

	.  reduce 135 (src line 713)


state 167
	MulExpr:  MulExpr DIV UnaryExpr.    (136)

	.  reduce 136 (src line 714)


state 168
	MulExpr:  MulExpr MOD UnaryExpr.    (137)

	.  reduce 137 (src line 715)


state 169
	MemberAccessExpr:  PrimaryExpr DOT IDENTIFIER.    (152)

	.  reduce 152 (src line 745)


state 170
	CallExpr:  PrimaryExpr LPAREN RPAREN.    (153)

	.  reduce 153 (src line 755)


state 171
	CallExpr:  PrimaryExpr LPAREN ArgList.RPAREN 
	ArgList:  ArgList.COMMA Expression 

	RPAREN  shift 191
	COMMA  shift 192
	.  error


state 172
	ArgList:  Expression.    (157)

	.  reduce 157 (src line 782)


state 173
	PrimaryExpr:  LPAREN Expression RPAREN.    (146)

	.  reduce 146 (src line 731)


state 174
	DistributeExpr:  DISTRIBUTE TotalClauseOpt LBRACE.DistributeExprCaseListOpt DefaultCaseExprOpt RBRACE 
	DistributeExprCaseListOpt: .    (160)

	.  reduce 160 (src line 794)

	DistributeExprCaseListOpt  goto 193

state 175
	TotalClauseOpt:  LPAREN Expression.RPAREN 

	RPAREN  shift 194
	.  error


state 176
	IdentifierList:  IdentifierList COMMA IDENTIFIER.    (12)

	.  reduce 12 (src line 220)


state 177
	MethodSigDecl:  METHOD IDENTIFIER LPAREN.MethodParamListOpt RPAREN 
	MethodSigDecl:  METHOD IDENTIFIER LPAREN.MethodParamListOpt RPAREN TypeName 
	MethodParamListOpt: .    (42)

	IDENTIFIER  shift 182
	.  reduce 42 (src line 368)

	MethodParamDecl  goto 181
	MethodParamList  goto 180
	MethodParamListOpt  goto 195

state 178
	ParamDecl:  PARAM IDENTIFIER TypeName ASSIGN.Expression 

	DISTRIBUTE  shift 82
	LPAREN  shift 76
	NOT  shift 69
	MINUS  shift 70
	IDENTIFIER  shift 72
	INT_LITERAL  shift 77
	FLOAT_LITERAL  shift 78
	STRING_LITERAL  shift 79
	BOOL_LITERAL  shift 80
	DURATION_LITERAL  shift 81
	.  error

	Expression  goto 196
	OrExpr  goto 62
	AndBoolExpr  goto 63
	CmpExpr  goto 64
	AddExpr  goto 65
	MulExpr  goto 66
	UnaryExpr  goto 67
	PrimaryExpr  goto 68
	LiteralExpr  goto 71
	CallExpr  goto 74
	MemberAccessExpr  goto 73
	DistributeExpr  goto 75

state 179
	MethodDecl:  METHOD IDENTIFIER LPAREN MethodParamListOpt.RPAREN BlockStmt 
	MethodDecl:  METHOD IDENTIFIER LPAREN MethodParamListOpt.RPAREN TypeName BlockStmt 

	RPAREN  shift 197
	.  error


state 180
	MethodParamListOpt:  MethodParamList.    (43)
	MethodParamList:  MethodParamList.COMMA MethodParamDecl 

	COMMA  shift 198
	.  reduce 43 (src line 370)


state 181
	MethodParamList:  MethodParamDecl.    (44)

	.  reduce 44 (src line 373)


state 182
	MethodParamDecl:  IDENTIFIER.TypeName 
	MethodParamDecl:  IDENTIFIER.TypeName ASSIGN Expression 

	INT  shift 141
	FLOAT  shift 142
	BOOL  shift 144
	STRING  shift 143
	DURATION  shift 145
	IDENTIFIER  shift 140
	.  error

	TypeName  goto 199
	PrimitiveType  goto 139

state 183
	InstanceDecl:  USE IDENTIFIER IDENTIFIER.    (54)
	InstanceDecl:  USE IDENTIFIER IDENTIFIER.ASSIGN LBRACE AssignListOpt RBRACE 

	ASSIGN  shift 200
	.  reduce 54 (src line 420)


state 184
	LetStmt:  LET IDENTIFIER ASSIGN Expression.    (90)

	.  reduce 90 (src line 546)


state 185
	IfStmt:  IF Expression BlockStmt IfStmtElseOpt.    (102)

	.  reduce 102 (src line 625)


state 186
	IfStmtElseOpt:  ELSE.IfStmt 
	IfStmtElseOpt:  ELSE.BlockStmt 

	IF  shift 55
	LBRACE  shift 60
	.  error

	BlockStmt  goto 202
	IfStmt  goto 201

state 187
	GoStmt:  GO IDENTIFIER ASSIGN BlockStmt.    (115)

	.  reduce 115 (src line 670)


state 188
	GoStmt:  GO IDENTIFIER ASSIGN Expression.SEMICOLON 

	SEMICOLON  shift 203
	.  error


state 189
	CommaExpressionListOpt:  COMMA Expression.CommaExpressionListOpt 
	CommaExpressionListOpt: .    (100)

	COMMA  shift 153
	.  reduce 100 (src line 615)

	CommaExpressionListOpt  goto 204

state 190
	SwitchStmt:  SWITCH Expression LBRACE RBRACE.    (118)

	.  reduce 118 (src line 683)


state 191
	CallExpr:  PrimaryExpr LPAREN ArgList RPAREN.    (154)

	.  reduce 154 (src line 763)


state 192
	ArgList:  ArgList COMMA.Expression 

	DISTRIBUTE  shift 82
	LPAREN  shift 76
	NOT  shift 69
	MINUS  shift 70
	IDENTIFIER  shift 72
	INT_LITERAL  shift 77
	FLOAT_LITERAL  shift 78
	STRING_LITERAL  shift 79
	BOOL_LITERAL  shift 80
	DURATION_LITERAL  shift 81
	.  error

	Expression  goto 205
	OrExpr  goto 62
	AndBoolExpr  goto 63
	CmpExpr  goto 64
	AddExpr  goto 65
	MulExpr  goto 66
	UnaryExpr  goto 67
	PrimaryExpr  goto 68
	LiteralExpr  goto 71
	CallExpr  goto 74
	MemberAccessExpr  goto 73
	DistributeExpr  goto 75

state 193
	DistributeExpr:  DISTRIBUTE TotalClauseOpt LBRACE DistributeExprCaseListOpt.DefaultCaseExprOpt RBRACE 
	DistributeExprCaseListOpt:  DistributeExprCaseListOpt.DistributeExprCase 
	DefaultCaseExprOpt: .    (163)

	DISTRIBUTE  shift 82
	DEFAULT  shift 210
	LPAREN  shift 76
	NOT  shift 69
	MINUS  shift 70
	IDENTIFIER  shift 72
	INT_LITERAL  shift 77
	FLOAT_LITERAL  shift 78
	STRING_LITERAL  shift 79
	BOOL_LITERAL  shift 80
	DURATION_LITERAL  shift 81
	.  reduce 163 (src line 806)

	Expression  goto 209
	OrExpr  goto 62
	AndBoolExpr  goto 63
	CmpExpr  goto 64
	AddExpr  goto 65
	MulExpr  goto 66
	UnaryExpr  goto 67
	PrimaryExpr  goto 68
	LiteralExpr  goto 71
	CallExpr  goto 74
	MemberAccessExpr  goto 73
	DefaultCaseExpr  goto 208
	DistributeExpr  goto 75
	DefaultCaseExprOpt  goto 206
	DistributeExprCase  goto 207

state 194
	TotalClauseOpt:  LPAREN Expression RPAREN.    (108)

	.  reduce 108 (src line 650)


state 195
	MethodSigDecl:  METHOD IDENTIFIER LPAREN MethodParamListOpt.RPAREN 
	MethodSigDecl:  METHOD IDENTIFIER LPAREN MethodParamListOpt.RPAREN TypeName 

	RPAREN  shift 211
	.  error


state 196
	ParamDecl:  PARAM IDENTIFIER TypeName ASSIGN Expression.    (31)

	.  reduce 31 (src line 301)


state 197
	MethodDecl:  METHOD IDENTIFIER LPAREN MethodParamListOpt RPAREN.BlockStmt 
	MethodDecl:  METHOD IDENTIFIER LPAREN MethodParamListOpt RPAREN.TypeName BlockStmt 

	LBRACE  shift 60
	INT  shift 141
	FLOAT  shift 142
	BOOL  shift 144
	STRING  shift 143
	DURATION  shift 145
	IDENTIFIER  shift 140
	.  error

	BlockStmt  goto 212
	TypeName  goto 213
	PrimitiveType  goto 139

state 198
	MethodParamList:  MethodParamList COMMA.MethodParamDecl 

	IDENTIFIER  shift 182
	.  error

	MethodParamDecl  goto 214

state 199
	MethodParamDecl:  IDENTIFIER TypeName.    (46)
	MethodParamDecl:  IDENTIFIER TypeName.ASSIGN Expression 

	ASSIGN  shift 215
	.  reduce 46 (src line 378)


state 200
	InstanceDecl:  USE IDENTIFIER IDENTIFIER ASSIGN.LBRACE AssignListOpt RBRACE 

	LBRACE  shift 216
	.  error


state 201
	IfStmtElseOpt:  ELSE IfStmt.    (104)

	.  reduce 104 (src line 640)


state 202
	IfStmtElseOpt:  ELSE BlockStmt.    (105)

	.  reduce 105 (src line 641)


state 203
	GoStmt:  GO IDENTIFIER ASSIGN Expression SEMICOLON.    (117)

	.  reduce 117 (src line 677)


state 204
	CommaExpressionListOpt:  COMMA Expression CommaExpressionListOpt.    (101)

	.  reduce 101 (src line 617)


state 205
	ArgList:  ArgList COMMA Expression.    (158)

	.  reduce 158 (src line 784)


state 206
	DistributeExpr:  DISTRIBUTE TotalClauseOpt LBRACE DistributeExprCaseListOpt DefaultCaseExprOpt.RBRACE 

	RBRACE  shift 217
	.  error


state 207
	DistributeExprCaseListOpt:  DistributeExprCaseListOpt DistributeExprCase.    (161)

	.  reduce 161 (src line 796)


state 208
	DefaultCaseExprOpt:  DefaultCaseExpr.    (164)

	.  reduce 164 (src line 808)


state 209
	DistributeExprCase:  Expression.ARROW Expression 

	ARROW  shift 218
	.  error


state 210
	DefaultCaseExpr:  DEFAULT.ARROW Expression 

	ARROW  shift 219
	.  error


state 211
	MethodSigDecl:  METHOD IDENTIFIER LPAREN MethodParamListOpt RPAREN.    (20)
	MethodSigDecl:  METHOD IDENTIFIER LPAREN MethodParamListOpt RPAREN.TypeName 

	INT  shift 141
	FLOAT  shift 142
	BOOL  shift 144
	STRING  shift 143
	DURATION  shift 145
	IDENTIFIER  shift 140
	.  reduce 20 (src line 258)

	TypeName  goto 220
	PrimitiveType  goto 139

state 212
	MethodDecl:  METHOD IDENTIFIER LPAREN MethodParamListOpt RPAREN BlockStmt.    (40)

	.  reduce 40 (src line 348)


state 213
	MethodDecl:  METHOD IDENTIFIER LPAREN MethodParamListOpt RPAREN TypeName.BlockStmt 

	LBRACE  shift 60
	.  error

	BlockStmt  goto 221

state 214
	MethodParamList:  MethodParamList COMMA MethodParamDecl.    (45)

	.  reduce 45 (src line 375)


state 215
	MethodParamDecl:  IDENTIFIER TypeName ASSIGN.Expression 

	DISTRIBUTE  shift 82
	LPAREN  shift 76
	NOT  shift 69
	MINUS  shift 70
	IDENTIFIER  shift 72
	INT_LITERAL  shift 77
	FLOAT_LITERAL  shift 78
	STRING_LITERAL  shift 79
	BOOL_LITERAL  shift 80
	DURATION_LITERAL  shift 81
	.  error

	Expression  goto 222
	OrExpr  goto 62
	AndBoolExpr  goto 63
	CmpExpr  goto 64
	AddExpr  goto 65
	MulExpr  goto 66
	UnaryExpr  goto 67
	PrimaryExpr  goto 68
	LiteralExpr  goto 71
	CallExpr  goto 74
	MemberAccessExpr  goto 73
	DistributeExpr  goto 75

state 216
	InstanceDecl:  USE IDENTIFIER IDENTIFIER ASSIGN LBRACE.AssignListOpt RBRACE 
	AssignListOpt: .    (56)

	IDENTIFIER  shift 226
	.  reduce 56 (src line 439)

	Assignment  goto 225
	AssignList  goto 224
	AssignListOpt  goto 223

state 217
	DistributeExpr:  DISTRIBUTE TotalClauseOpt LBRACE DistributeExprCaseListOpt DefaultCaseExprOpt RBRACE.    (159)

	.  reduce 159 (src line 788)


state 218
	DistributeExprCase:  Expression ARROW.Expression 

	DISTRIBUTE  shift 82
	LPAREN  shift 76
	NOT  shift 69
	MINUS  shift 70
	IDENTIFIER  shift 72
	INT_LITERAL  shift 77
	FLOAT_LITERAL  shift 78
	STRING_LITERAL  shift 79
	BOOL_LITERAL  shift 80
	DURATION_LITERAL  shift 81
	.  error

	Expression  goto 227
	OrExpr  goto 62
	AndBoolExpr  goto 63
	CmpExpr  goto 64
	AddExpr  goto 65
	MulExpr  goto 66
	UnaryExpr  goto 67
	PrimaryExpr  goto 68
	LiteralExpr  goto 71
	CallExpr  goto 74
	MemberAccessExpr  goto 73
	DistributeExpr  goto 75

state 219
	DefaultCaseExpr:  DEFAULT ARROW.Expression 

	DISTRIBUTE  shift 82
	LPAREN  shift 76
	NOT  shift 69
	MINUS  shift 70
	IDENTIFIER  shift 72
	INT_LITERAL  shift 77
	FLOAT_LITERAL  shift 78
	STRING_LITERAL  shift 79
	BOOL_LITERAL  shift 80
	DURATION_LITERAL  shift 81
	.  error

	Expression  goto 228
	OrExpr  goto 62
	AndBoolExpr  goto 63
	CmpExpr  goto 64
	AddExpr  goto 65
	MulExpr  goto 66
	UnaryExpr  goto 67
	PrimaryExpr  goto 68
	LiteralExpr  goto 71
	CallExpr  goto 74
	MemberAccessExpr  goto 73
	DistributeExpr  goto 75

state 220
	MethodSigDecl:  METHOD IDENTIFIER LPAREN MethodParamListOpt RPAREN TypeName.    (21)

	.  reduce 21 (src line 266)


state 221
	MethodDecl:  METHOD IDENTIFIER LPAREN MethodParamListOpt RPAREN TypeName BlockStmt.    (41)

	.  reduce 41 (src line 357)


state 222
	MethodParamDecl:  IDENTIFIER TypeName ASSIGN Expression.    (47)

	.  reduce 47 (src line 386)


state 223
	InstanceDecl:  USE IDENTIFIER IDENTIFIER ASSIGN LBRACE AssignListOpt.RBRACE 

	RBRACE  shift 229
	.  error


state 224
	AssignListOpt:  AssignList.    (57)
	AssignList:  AssignList.Assignment 

	IDENTIFIER  shift 226
	.  reduce 57 (src line 441)

	Assignment  goto 230

state 225
	AssignList:  Assignment.    (58)

	.  reduce 58 (src line 444)


state 226
	Assignment:  IDENTIFIER.ASSIGN Expression 

	ASSIGN  shift 231
	.  error


state 227
	DistributeExprCase:  Expression ARROW Expression.    (162)

	.  reduce 162 (src line 799)


state 228
	DefaultCaseExpr:  DEFAULT ARROW Expression.    (165)

	.  reduce 165 (src line 811)


state 229
	InstanceDecl:  USE IDENTIFIER IDENTIFIER ASSIGN LBRACE AssignListOpt RBRACE.    (55)

	.  reduce 55 (src line 429)


state 230
	AssignList:  AssignList Assignment.    (59)

	.  reduce 59 (src line 446)


state 231
	Assignment:  IDENTIFIER ASSIGN.Expression 

	DISTRIBUTE  shift 82
	LPAREN  shift 76
	NOT  shift 69
	MINUS  shift 70
	IDENTIFIER  shift 72
	INT_LITERAL  shift 77
	FLOAT_LITERAL  shift 78
	STRING_LITERAL  shift 79
	BOOL_LITERAL  shift 80
	DURATION_LITERAL  shift 81
	.  error

	Expression  goto 232
	OrExpr  goto 62
	AndBoolExpr  goto 63
	CmpExpr  goto 64
	AddExpr  goto 65
	MulExpr  goto 66
	UnaryExpr  goto 67
	PrimaryExpr  goto 68
	LiteralExpr  goto 71
	CallExpr  goto 74
	MemberAccessExpr  goto 73
	DistributeExpr  goto 75

state 232
	Assignment:  IDENTIFIER ASSIGN Expression.    (60)

	.  reduce 60 (src line 449)

Rule not reduced: AnalyzeDecl:  ANALYZE IDENTIFIER ASSIGN Expression ExpectBlockOpt 
Rule not reduced: ExpectBlockOpt:  
Rule not reduced: ExpectBlockOpt:  ExpectBlock 
Rule not reduced: ExpectBlock:  EXPECT LBRACE ExpectStmtOptList RBRACE 
Rule not reduced: ExpectStmtOptList:  
Rule not reduced: ExpectStmtOptList:  ExpectStmtList 
Rule not reduced: ExpectStmtList:  ExpectStmt 
Rule not reduced: ExpectStmtList:  ExpectStmtList SEMICOLON CmpExpr 
Rule not reduced: ExpectStmt:  Expression EQ Expression 
Rule not reduced: ExpectStmt:  Expression NEQ Expression 
Rule not reduced: ExpectStmt:  Expression LT Expression 
Rule not reduced: ExpectStmt:  Expression LTE Expression 
Rule not reduced: ExpectStmt:  Expression GT Expression 
Rule not reduced: ExpectStmt:  Expression GTE Expression 
Rule not reduced: AssignStmt:  IDENTIFIER ASSIGN Expression 
Rule not reduced: CommaIdentifierListOpt:  
Rule not reduced: CommaIdentifierListOpt:  COMMA IDENTIFIER CommaIdentifierListOpt 
Rule not reduced: DistributeStmt:  DISTRIBUTE TotalClauseOpt LBRACE DistributeCaseListOpt DefaultCaseOpt RBRACE 
Rule not reduced: DistributeCaseListOpt:  
Rule not reduced: DistributeCaseListOpt:  DistributeCaseListOpt DistributeCase 
Rule not reduced: DistributeCase:  Expression ARROW BlockStmt 
Rule not reduced: DefaultCaseOpt:  
Rule not reduced: DefaultCaseOpt:  DefaultCase 
Rule not reduced: DefaultCase:  DEFAULT ARROW BlockStmt 
Rule not reduced: ArgListOpt:  
Rule not reduced: ArgListOpt:  ArgList 
Rule not reduced: SwitchExpr:  SWITCH Expression LBRACE RBRACE 
Rule not reduced: CaseExpr:  CASE Expression COLON Expression 

72 terminals, 79 nonterminals
168 grammar rules, 233/16000 states
2 shift/reduce, 0 reduce/reduce conflicts reported
128 working sets used
memory: parser 562/240000
87 extra closures
506 shift entries, 2 exceptions
132 goto entries
288 entries saved by goto default
Optimizer space used: output 301/240000
301 table entries, 0 zero
maximum spread: 71, maximum offset: 231
